  func.c
C:\Users\jeezu\Documents\GitHub\PA7-Poker\PA7-Poker\func.c(228,8): warning C4553: '==': result of expression not used; did you intend '='?
C:\Users\jeezu\Documents\GitHub\PA7-Poker\PA7-Poker\func.c(244,13): warning C4098: 'redrawCards': 'void' function returning a value
C:\Users\jeezu\Documents\GitHub\PA7-Poker\PA7-Poker\func.c(272,14): warning C4047: '=': 'Card *' differs in levels of indirection from 'int'
C:\Users\jeezu\Documents\GitHub\PA7-Poker\PA7-Poker\func.c(664,21): warning C4554: '&': check operator precedence for possible error; use parentheses to clarify precedence
C:\Users\jeezu\Documents\GitHub\PA7-Poker\PA7-Poker\func.c(805,11): warning C4244: '=': conversion from 'int' to 'float', possible loss of data
C:\Users\jeezu\Documents\GitHub\PA7-Poker\PA7-Poker\func.c(806,10): warning C4244: 'return': conversion from 'float' to 'int', possible loss of data
C:\Users\jeezu\Documents\GitHub\PA7-Poker\PA7-Poker\func.c(810,23): warning C4244: '=': conversion from 'double' to 'float', possible loss of data
C:\Users\jeezu\Documents\GitHub\PA7-Poker\PA7-Poker\func.c(811,10): warning C4244: 'return': conversion from 'float' to 'int', possible loss of data
C:\Users\jeezu\Documents\GitHub\PA7-Poker\PA7-Poker\func.c(816,10): warning C4244: 'return': conversion from 'float' to 'int', possible loss of data
  main.c
C:\Users\jeezu\Documents\GitHub\PA7-Poker\PA7-Poker\main.c(41,45): warning C4090: 'function': different 'const' qualifiers
C:\Users\jeezu\Documents\GitHub\PA7-Poker\PA7-Poker\main.c(42,45): warning C4090: 'function': different 'const' qualifiers
C:\Users\jeezu\Documents\GitHub\PA7-Poker\PA7-Poker\main.c(43,49): warning C4090: 'function': different 'const' qualifiers
C:\Users\jeezu\Documents\GitHub\PA7-Poker\PA7-Poker\main.c(44,49): warning C4090: 'function': different 'const' qualifiers
C:\Users\jeezu\Documents\GitHub\PA7-Poker\PA7-Poker\main.c(45,45): warning C4090: 'function': different 'const' qualifiers
C:\Users\jeezu\Documents\GitHub\PA7-Poker\PA7-Poker\main.c(46,45): warning C4090: 'function': different 'const' qualifiers
C:\Users\jeezu\Documents\GitHub\PA7-Poker\PA7-Poker\main.c(47,45): warning C4090: 'function': different 'const' qualifiers
C:\Users\jeezu\Documents\GitHub\PA7-Poker\PA7-Poker\main.c(48,45): warning C4090: 'function': different 'const' qualifiers
C:\Users\jeezu\Documents\GitHub\PA7-Poker\PA7-Poker\main.c(49,46): warning C4090: 'function': different 'const' qualifiers
C:\Users\jeezu\Documents\GitHub\PA7-Poker\PA7-Poker\main.c(50,46): warning C4090: 'function': different 'const' qualifiers
C:\Users\jeezu\Documents\GitHub\PA7-Poker\PA7-Poker\main.c(53,42): warning C4047: 'function': 'char *' differs in levels of indirection from 'const char *[13]'
C:\Users\jeezu\Documents\GitHub\PA7-Poker\PA7-Poker\main.c(53,42): warning C4024: 'check_straight': different types for formal and actual parameter 2
C:\Users\jeezu\Documents\GitHub\PA7-Poker\PA7-Poker\main.c(54,42): warning C4047: 'function': 'char *' differs in levels of indirection from 'const char *[13]'
C:\Users\jeezu\Documents\GitHub\PA7-Poker\PA7-Poker\main.c(54,42): warning C4024: 'check_straight': different types for formal and actual parameter 2
C:\Users\jeezu\Documents\GitHub\PA7-Poker\PA7-Poker\main.c(76,45): warning C4090: 'function': different 'const' qualifiers
C:\Users\jeezu\Documents\GitHub\PA7-Poker\PA7-Poker\main.c(77,45): warning C4090: 'function': different 'const' qualifiers
C:\Users\jeezu\Documents\GitHub\PA7-Poker\PA7-Poker\main.c(78,49): warning C4090: 'function': different 'const' qualifiers
C:\Users\jeezu\Documents\GitHub\PA7-Poker\PA7-Poker\main.c(79,49): warning C4090: 'function': different 'const' qualifiers
C:\Users\jeezu\Documents\GitHub\PA7-Poker\PA7-Poker\main.c(80,45): warning C4090: 'function': different 'const' qualifiers
C:\Users\jeezu\Documents\GitHub\PA7-Poker\PA7-Poker\main.c(81,45): warning C4090: 'function': different 'const' qualifiers
C:\Users\jeezu\Documents\GitHub\PA7-Poker\PA7-Poker\main.c(82,45): warning C4090: 'function': different 'const' qualifiers
C:\Users\jeezu\Documents\GitHub\PA7-Poker\PA7-Poker\main.c(83,45): warning C4090: 'function': different 'const' qualifiers
C:\Users\jeezu\Documents\GitHub\PA7-Poker\PA7-Poker\main.c(84,46): warning C4090: 'function': different 'const' qualifiers
C:\Users\jeezu\Documents\GitHub\PA7-Poker\PA7-Poker\main.c(85,46): warning C4090: 'function': different 'const' qualifiers
C:\Users\jeezu\Documents\GitHub\PA7-Poker\PA7-Poker\main.c(88,42): warning C4047: 'function': 'char *' differs in levels of indirection from 'const char *[13]'
C:\Users\jeezu\Documents\GitHub\PA7-Poker\PA7-Poker\main.c(88,42): warning C4024: 'check_straight': different types for formal and actual parameter 2
C:\Users\jeezu\Documents\GitHub\PA7-Poker\PA7-Poker\main.c(89,42): warning C4047: 'function': 'char *' differs in levels of indirection from 'const char *[13]'
C:\Users\jeezu\Documents\GitHub\PA7-Poker\PA7-Poker\main.c(89,42): warning C4024: 'check_straight': different types for formal and actual parameter 2
  Generating Code...
C:\Users\jeezu\Documents\GitHub\PA7-Poker\PA7-Poker\func.c(796,1): warning C4715: 'compare_hands': not all control paths return a value
C:\Users\jeezu\Documents\GitHub\PA7-Poker\PA7-Poker\func.c(818,1): warning C4715: 'betting': not all control paths return a value
  PA7-Poker.vcxproj -> C:\Users\jeezu\Documents\GitHub\PA7-Poker\PA7-Poker\x64\Debug\PA7-Poker.exe
